<?xml version="1.0" encoding="UTF-8"?>
<testsuite xmlns:xsi="http://www.w3.org/2001/XMLSchema-instance" xsi:noNamespaceSchemaLocation="https://maven.apache.org/surefire/maven-surefire-plugin/xsd/surefire-test-report-3.0.xsd" version="3.0" name="com.wot2.AppTest" time="0.136" tests="1" errors="0" skipped="0" failures="0">
  <properties>
    <property name="java.specification.version" value="17"/>
    <property name="sun.cpu.isalist" value="amd64"/>
    <property name="sun.jnu.encoding" value="Cp1252"/>
    <property name="java.class.path" value="C:\Users\ronj1\Documents\DevWork\WOT2\target\test-classes;C:\Users\ronj1\Documents\DevWork\WOT2\target\classes;C:\Users\ronj1\.m2\repository\org\openjfx\javafx-controls\20\javafx-controls-20.jar;C:\Users\ronj1\.m2\repository\org\openjfx\javafx-controls\20\javafx-controls-20-win.jar;C:\Users\ronj1\.m2\repository\org\openjfx\javafx-graphics\20\javafx-graphics-20.jar;C:\Users\ronj1\.m2\repository\org\openjfx\javafx-graphics\20\javafx-graphics-20-win.jar;C:\Users\ronj1\.m2\repository\org\openjfx\javafx-base\20\javafx-base-20.jar;C:\Users\ronj1\.m2\repository\org\openjfx\javafx-base\20\javafx-base-20-win.jar;C:\Users\ronj1\.m2\repository\org\openjfx\javafx-fxml\20\javafx-fxml-20.jar;C:\Users\ronj1\.m2\repository\org\openjfx\javafx-fxml\20\javafx-fxml-20-win.jar;C:\Users\ronj1\.m2\repository\com\google\code\gson\gson\2.10.1\gson-2.10.1.jar;C:\Users\ronj1\.m2\repository\org\junit\jupiter\junit-jupiter\5.10.0\junit-jupiter-5.10.0.jar;C:\Users\ronj1\.m2\repository\org\junit\jupiter\junit-jupiter-api\5.10.0\junit-jupiter-api-5.10.0.jar;C:\Users\ronj1\.m2\repository\org\opentest4j\opentest4j\1.3.0\opentest4j-1.3.0.jar;C:\Users\ronj1\.m2\repository\org\junit\platform\junit-platform-commons\1.10.0\junit-platform-commons-1.10.0.jar;C:\Users\ronj1\.m2\repository\org\apiguardian\apiguardian-api\1.1.2\apiguardian-api-1.1.2.jar;C:\Users\ronj1\.m2\repository\org\junit\jupiter\junit-jupiter-params\5.10.0\junit-jupiter-params-5.10.0.jar;C:\Users\ronj1\.m2\repository\org\junit\jupiter\junit-jupiter-engine\5.10.0\junit-jupiter-engine-5.10.0.jar;C:\Users\ronj1\.m2\repository\org\junit\platform\junit-platform-engine\1.10.0\junit-platform-engine-1.10.0.jar;"/>
    <property name="java.vm.vendor" value="Eclipse Adoptium"/>
    <property name="sun.arch.data.model" value="64"/>
    <property name="user.variant" value=""/>
    <property name="java.vendor.url" value="https://adoptium.net/"/>
    <property name="user.timezone" value="Europe/London"/>
    <property name="os.name" value="Windows 11"/>
    <property name="java.vm.specification.version" value="17"/>
    <property name="sun.java.launcher" value="SUN_STANDARD"/>
    <property name="user.country" value="GB"/>
    <property name="sun.boot.library.path" value="C:\Program Files\Eclipse Adoptium\jdk-17.0.12.7-hotspot\bin"/>
    <property name="sun.java.command" value="C:\Users\ronj1\AppData\Local\Temp\surefire4740450217004024724\surefirebooter-20241119155825610_3.jar C:\Users\ronj1\AppData\Local\Temp\surefire4740450217004024724 2024-11-19T15-58-23_588-jvmRun1 surefire-20241119155825610_1tmp surefire_0-20241119155825610_2tmp"/>
    <property name="jdk.debug" value="release"/>
    <property name="surefire.test.class.path" value="C:\Users\ronj1\Documents\DevWork\WOT2\target\test-classes;C:\Users\ronj1\Documents\DevWork\WOT2\target\classes;C:\Users\ronj1\.m2\repository\org\openjfx\javafx-controls\20\javafx-controls-20.jar;C:\Users\ronj1\.m2\repository\org\openjfx\javafx-controls\20\javafx-controls-20-win.jar;C:\Users\ronj1\.m2\repository\org\openjfx\javafx-graphics\20\javafx-graphics-20.jar;C:\Users\ronj1\.m2\repository\org\openjfx\javafx-graphics\20\javafx-graphics-20-win.jar;C:\Users\ronj1\.m2\repository\org\openjfx\javafx-base\20\javafx-base-20.jar;C:\Users\ronj1\.m2\repository\org\openjfx\javafx-base\20\javafx-base-20-win.jar;C:\Users\ronj1\.m2\repository\org\openjfx\javafx-fxml\20\javafx-fxml-20.jar;C:\Users\ronj1\.m2\repository\org\openjfx\javafx-fxml\20\javafx-fxml-20-win.jar;C:\Users\ronj1\.m2\repository\com\google\code\gson\gson\2.10.1\gson-2.10.1.jar;C:\Users\ronj1\.m2\repository\org\junit\jupiter\junit-jupiter\5.10.0\junit-jupiter-5.10.0.jar;C:\Users\ronj1\.m2\repository\org\junit\jupiter\junit-jupiter-api\5.10.0\junit-jupiter-api-5.10.0.jar;C:\Users\ronj1\.m2\repository\org\opentest4j\opentest4j\1.3.0\opentest4j-1.3.0.jar;C:\Users\ronj1\.m2\repository\org\junit\platform\junit-platform-commons\1.10.0\junit-platform-commons-1.10.0.jar;C:\Users\ronj1\.m2\repository\org\apiguardian\apiguardian-api\1.1.2\apiguardian-api-1.1.2.jar;C:\Users\ronj1\.m2\repository\org\junit\jupiter\junit-jupiter-params\5.10.0\junit-jupiter-params-5.10.0.jar;C:\Users\ronj1\.m2\repository\org\junit\jupiter\junit-jupiter-engine\5.10.0\junit-jupiter-engine-5.10.0.jar;C:\Users\ronj1\.m2\repository\org\junit\platform\junit-platform-engine\1.10.0\junit-platform-engine-1.10.0.jar;"/>
    <property name="sun.cpu.endian" value="little"/>
    <property name="user.home" value="C:\Users\ronj1"/>
    <property name="user.language" value="en"/>
    <property name="java.specification.vendor" value="Oracle Corporation"/>
    <property name="java.version.date" value="2024-07-16"/>
    <property name="java.home" value="C:\Program Files\Eclipse Adoptium\jdk-17.0.12.7-hotspot"/>
    <property name="file.separator" value="\"/>
    <property name="basedir" value="C:\Users\ronj1\Documents\DevWork\WOT2"/>
    <property name="java.vm.compressedOopsMode" value="Zero based"/>
    <property name="line.separator" value="&#10;"/>
    <property name="java.vm.specification.vendor" value="Oracle Corporation"/>
    <property name="java.specification.name" value="Java Platform API Specification"/>
    <property name="surefire.real.class.path" value="C:\Users\ronj1\AppData\Local\Temp\surefire4740450217004024724\surefirebooter-20241119155825610_3.jar"/>
    <property name="user.script" value=""/>
    <property name="sun.management.compiler" value="HotSpot 64-Bit Tiered Compilers"/>
    <property name="java.runtime.version" value="17.0.12+7"/>
    <property name="user.name" value="JR"/>
    <property name="path.separator" value=";"/>
    <property name="os.version" value="10.0"/>
    <property name="java.runtime.name" value="OpenJDK Runtime Environment"/>
    <property name="file.encoding" value="Cp1252"/>
    <property name="java.vm.name" value="OpenJDK 64-Bit Server VM"/>
    <property name="java.vendor.version" value="Temurin-17.0.12+7"/>
    <property name="localRepository" value="C:\Users\ronj1\.m2\repository"/>
    <property name="java.vendor.url.bug" value="https://github.com/adoptium/adoptium-support/issues"/>
    <property name="java.io.tmpdir" value="C:\Users\ronj1\AppData\Local\Temp\"/>
    <property name="java.version" value="17.0.12"/>
    <property name="user.dir" value="C:\Users\ronj1\Documents\DevWork\WOT2"/>
    <property name="os.arch" value="amd64"/>
    <property name="java.vm.specification.name" value="Java Virtual Machine Specification"/>
    <property name="sun.os.patch.level" value=""/>
    <property name="native.encoding" value="Cp1252"/>
    <property name="java.library.path" value="C:\Program Files\Eclipse Adoptium\jdk-17.0.12.7-hotspot\bin;C:\WINDOWS\Sun\Java\bin;C:\WINDOWS\system32;C:\WINDOWS;C:\Program Files (x86)\VMware\VMware Player\bin\;C:\WINDOWS\system32;C:\WINDOWS;C:\WINDOWS\System32\Wbem;C:\WINDOWS\System32\WindowsPowerShell\v1.0\;C:\WINDOWS\System32\OpenSSH\;C:\Program Files\dotnet\;C:\Program Files\PuTTY\;C:\Program Files\WireGuard\;C:\Program Files\Git\cmd;C:\Program Files\Maven\apache-maven-3.9.8\bin;C:\Program Files\MySQL\MySQL Server 9.0\bin;C:\Program Files\Eclipse Adoptium\jdk-17.0.12.7-hotspot\bin;C:\Program Files\Eclipse Adoptium\jdk-17.0.12.7-hotspot;C:\Users\ronj1\AppData\Local\Programs\Python\Python313;C:\Users\ronj1\AppData\Local\Programs\Python\Python313\tcl\tcl8.6;C:\Users\ronj1\AppData\Local\Microsoft\WindowsApps;C:\Users\ronj1\AppData\Local\Programs\Microsoft VS Code\bin;C:\Program Files\Maven\apache-maven-3.9.8\bin;;."/>
    <property name="java.vm.info" value="mixed mode, sharing"/>
    <property name="java.vendor" value="Eclipse Adoptium"/>
    <property name="java.vm.version" value="17.0.12+7"/>
    <property name="sun.io.unicode.encoding" value="UnicodeLittle"/>
    <property name="java.class.version" value="61.0"/>
  </properties>
  <testcase name="sampleTest" classname="com.wot2.AppTest" time="0.064"/>
</testsuite>